<?xml version="1.0" encoding="UTF-8"?>
<testsuite xmlns:xsi="http://www.w3.org/2001/XMLSchema-instance" xsi:noNamespaceSchemaLocation="https://maven.apache.org/surefire/maven-surefire-plugin/xsd/surefire-test-report.xsd" name="com.jhsoftware.productservice.ProductServiceApplicationTests" time="11.917" tests="2" errors="0" skipped="0" failures="0">
  <properties>
    <property name="java.specification.version" value="17"/>
    <property name="sun.jnu.encoding" value="UTF-8"/>
    <property name="java.class.path" value="/home/jhones/Documents/Java/microsservice-new/product-service/target/test-classes:/home/jhones/Documents/Java/microsservice-new/product-service/target/classes:/home/jhones/.m2/repository/org/springframework/boot/spring-boot-starter-data-mongodb/2.7.5/spring-boot-starter-data-mongodb-2.7.5.jar:/home/jhones/.m2/repository/org/springframework/boot/spring-boot-starter/2.7.5/spring-boot-starter-2.7.5.jar:/home/jhones/.m2/repository/org/springframework/boot/spring-boot/2.7.5/spring-boot-2.7.5.jar:/home/jhones/.m2/repository/org/springframework/boot/spring-boot-autoconfigure/2.7.5/spring-boot-autoconfigure-2.7.5.jar:/home/jhones/.m2/repository/org/springframework/boot/spring-boot-starter-logging/2.7.5/spring-boot-starter-logging-2.7.5.jar:/home/jhones/.m2/repository/ch/qos/logback/logback-classic/1.2.11/logback-classic-1.2.11.jar:/home/jhones/.m2/repository/ch/qos/logback/logback-core/1.2.11/logback-core-1.2.11.jar:/home/jhones/.m2/repository/org/apache/logging/log4j/log4j-to-slf4j/2.17.2/log4j-to-slf4j-2.17.2.jar:/home/jhones/.m2/repository/org/apache/logging/log4j/log4j-api/2.17.2/log4j-api-2.17.2.jar:/home/jhones/.m2/repository/org/slf4j/jul-to-slf4j/1.7.36/jul-to-slf4j-1.7.36.jar:/home/jhones/.m2/repository/jakarta/annotation/jakarta.annotation-api/1.3.5/jakarta.annotation-api-1.3.5.jar:/home/jhones/.m2/repository/org/yaml/snakeyaml/1.30/snakeyaml-1.30.jar:/home/jhones/.m2/repository/org/mongodb/mongodb-driver-sync/4.6.1/mongodb-driver-sync-4.6.1.jar:/home/jhones/.m2/repository/org/mongodb/bson/4.6.1/bson-4.6.1.jar:/home/jhones/.m2/repository/org/mongodb/mongodb-driver-core/4.6.1/mongodb-driver-core-4.6.1.jar:/home/jhones/.m2/repository/org/mongodb/bson-record-codec/4.6.1/bson-record-codec-4.6.1.jar:/home/jhones/.m2/repository/org/springframework/data/spring-data-mongodb/3.4.5/spring-data-mongodb-3.4.5.jar:/home/jhones/.m2/repository/org/springframework/spring-tx/5.3.23/spring-tx-5.3.23.jar:/home/jhones/.m2/repository/org/springframework/spring-context/5.3.23/spring-context-5.3.23.jar:/home/jhones/.m2/repository/org/springframework/spring-beans/5.3.23/spring-beans-5.3.23.jar:/home/jhones/.m2/repository/org/springframework/spring-expression/5.3.23/spring-expression-5.3.23.jar:/home/jhones/.m2/repository/org/springframework/data/spring-data-commons/2.7.5/spring-data-commons-2.7.5.jar:/home/jhones/.m2/repository/org/slf4j/slf4j-api/1.7.36/slf4j-api-1.7.36.jar:/home/jhones/.m2/repository/org/springframework/boot/spring-boot-starter-web/2.7.5/spring-boot-starter-web-2.7.5.jar:/home/jhones/.m2/repository/org/springframework/boot/spring-boot-starter-json/2.7.5/spring-boot-starter-json-2.7.5.jar:/home/jhones/.m2/repository/com/fasterxml/jackson/core/jackson-databind/2.13.4.2/jackson-databind-2.13.4.2.jar:/home/jhones/.m2/repository/com/fasterxml/jackson/core/jackson-annotations/2.13.4/jackson-annotations-2.13.4.jar:/home/jhones/.m2/repository/com/fasterxml/jackson/core/jackson-core/2.13.4/jackson-core-2.13.4.jar:/home/jhones/.m2/repository/com/fasterxml/jackson/datatype/jackson-datatype-jdk8/2.13.4/jackson-datatype-jdk8-2.13.4.jar:/home/jhones/.m2/repository/com/fasterxml/jackson/datatype/jackson-datatype-jsr310/2.13.4/jackson-datatype-jsr310-2.13.4.jar:/home/jhones/.m2/repository/com/fasterxml/jackson/module/jackson-module-parameter-names/2.13.4/jackson-module-parameter-names-2.13.4.jar:/home/jhones/.m2/repository/org/springframework/boot/spring-boot-starter-tomcat/2.7.5/spring-boot-starter-tomcat-2.7.5.jar:/home/jhones/.m2/repository/org/apache/tomcat/embed/tomcat-embed-core/9.0.68/tomcat-embed-core-9.0.68.jar:/home/jhones/.m2/repository/org/apache/tomcat/embed/tomcat-embed-el/9.0.68/tomcat-embed-el-9.0.68.jar:/home/jhones/.m2/repository/org/apache/tomcat/embed/tomcat-embed-websocket/9.0.68/tomcat-embed-websocket-9.0.68.jar:/home/jhones/.m2/repository/org/springframework/spring-web/5.3.23/spring-web-5.3.23.jar:/home/jhones/.m2/repository/org/springframework/spring-webmvc/5.3.23/spring-webmvc-5.3.23.jar:/home/jhones/.m2/repository/org/springframework/spring-aop/5.3.23/spring-aop-5.3.23.jar:/home/jhones/.m2/repository/org/projectlombok/lombok/1.18.24/lombok-1.18.24.jar:/home/jhones/.m2/repository/org/springframework/boot/spring-boot-starter-test/2.7.5/spring-boot-starter-test-2.7.5.jar:/home/jhones/.m2/repository/org/springframework/boot/spring-boot-test/2.7.5/spring-boot-test-2.7.5.jar:/home/jhones/.m2/repository/org/springframework/boot/spring-boot-test-autoconfigure/2.7.5/spring-boot-test-autoconfigure-2.7.5.jar:/home/jhones/.m2/repository/com/jayway/jsonpath/json-path/2.7.0/json-path-2.7.0.jar:/home/jhones/.m2/repository/net/minidev/json-smart/2.4.8/json-smart-2.4.8.jar:/home/jhones/.m2/repository/net/minidev/accessors-smart/2.4.8/accessors-smart-2.4.8.jar:/home/jhones/.m2/repository/org/ow2/asm/asm/9.1/asm-9.1.jar:/home/jhones/.m2/repository/jakarta/xml/bind/jakarta.xml.bind-api/2.3.3/jakarta.xml.bind-api-2.3.3.jar:/home/jhones/.m2/repository/jakarta/activation/jakarta.activation-api/1.2.2/jakarta.activation-api-1.2.2.jar:/home/jhones/.m2/repository/org/assertj/assertj-core/3.22.0/assertj-core-3.22.0.jar:/home/jhones/.m2/repository/org/hamcrest/hamcrest/2.2/hamcrest-2.2.jar:/home/jhones/.m2/repository/org/junit/jupiter/junit-jupiter/5.8.2/junit-jupiter-5.8.2.jar:/home/jhones/.m2/repository/org/junit/jupiter/junit-jupiter-params/5.8.2/junit-jupiter-params-5.8.2.jar:/home/jhones/.m2/repository/org/junit/jupiter/junit-jupiter-engine/5.8.2/junit-jupiter-engine-5.8.2.jar:/home/jhones/.m2/repository/org/junit/platform/junit-platform-engine/1.8.2/junit-platform-engine-1.8.2.jar:/home/jhones/.m2/repository/org/mockito/mockito-core/4.5.1/mockito-core-4.5.1.jar:/home/jhones/.m2/repository/net/bytebuddy/byte-buddy/1.12.18/byte-buddy-1.12.18.jar:/home/jhones/.m2/repository/net/bytebuddy/byte-buddy-agent/1.12.18/byte-buddy-agent-1.12.18.jar:/home/jhones/.m2/repository/org/objenesis/objenesis/3.2/objenesis-3.2.jar:/home/jhones/.m2/repository/org/mockito/mockito-junit-jupiter/4.5.1/mockito-junit-jupiter-4.5.1.jar:/home/jhones/.m2/repository/org/skyscreamer/jsonassert/1.5.1/jsonassert-1.5.1.jar:/home/jhones/.m2/repository/com/vaadin/external/google/android-json/0.0.20131108.vaadin1/android-json-0.0.20131108.vaadin1.jar:/home/jhones/.m2/repository/org/springframework/spring-core/5.3.23/spring-core-5.3.23.jar:/home/jhones/.m2/repository/org/springframework/spring-jcl/5.3.23/spring-jcl-5.3.23.jar:/home/jhones/.m2/repository/org/springframework/spring-test/5.3.23/spring-test-5.3.23.jar:/home/jhones/.m2/repository/org/xmlunit/xmlunit-core/2.9.0/xmlunit-core-2.9.0.jar:/home/jhones/.m2/repository/org/testcontainers/mongodb/1.16.1/mongodb-1.16.1.jar:/home/jhones/.m2/repository/org/testcontainers/testcontainers/1.16.1/testcontainers-1.16.1.jar:/home/jhones/.m2/repository/junit/junit/4.13.2/junit-4.13.2.jar:/home/jhones/.m2/repository/org/hamcrest/hamcrest-core/2.2/hamcrest-core-2.2.jar:/home/jhones/.m2/repository/org/apache/commons/commons-compress/1.21/commons-compress-1.21.jar:/home/jhones/.m2/repository/org/rnorth/duct-tape/duct-tape/1.0.8/duct-tape-1.0.8.jar:/home/jhones/.m2/repository/org/jetbrains/annotations/17.0.0/annotations-17.0.0.jar:/home/jhones/.m2/repository/com/github/docker-java/docker-java-api/3.2.12/docker-java-api-3.2.12.jar:/home/jhones/.m2/repository/com/github/docker-java/docker-java-transport-zerodep/3.2.12/docker-java-transport-zerodep-3.2.12.jar:/home/jhones/.m2/repository/com/github/docker-java/docker-java-transport/3.2.12/docker-java-transport-3.2.12.jar:/home/jhones/.m2/repository/net/java/dev/jna/jna/5.8.0/jna-5.8.0.jar:/home/jhones/.m2/repository/org/testcontainers/junit-jupiter/1.16.1/junit-jupiter-1.16.1.jar:/home/jhones/.m2/repository/org/junit/jupiter/junit-jupiter-api/5.8.2/junit-jupiter-api-5.8.2.jar:/home/jhones/.m2/repository/org/opentest4j/opentest4j/1.2.0/opentest4j-1.2.0.jar:/home/jhones/.m2/repository/org/junit/platform/junit-platform-commons/1.8.2/junit-platform-commons-1.8.2.jar:/home/jhones/.m2/repository/org/apiguardian/apiguardian-api/1.1.2/apiguardian-api-1.1.2.jar:"/>
    <property name="java.vm.vendor" value="Oracle Corporation"/>
    <property name="sun.arch.data.model" value="64"/>
    <property name="java.vendor.url" value="https://java.oracle.com/"/>
    <property name="user.country.format" value="BR"/>
    <property name="os.name" value="Linux"/>
    <property name="java.vm.specification.version" value="17"/>
    <property name="sun.java.launcher" value="SUN_STANDARD"/>
    <property name="user.country" value="US"/>
    <property name="sun.boot.library.path" value="/usr/lib/jvm/jdk-17/lib"/>
    <property name="sun.java.command" value="/home/jhones/Documents/Java/microsservice-new/product-service/target/surefire/surefirebooter3797357630057085779.jar /home/jhones/Documents/Java/microsservice-new/product-service/target/surefire 2022-10-31T11-00-11_336-jvmRun1 surefire7517029889054798246tmp surefire_0867659564606950628tmp"/>
    <property name="jdk.debug" value="release"/>
    <property name="surefire.test.class.path" value="/home/jhones/Documents/Java/microsservice-new/product-service/target/test-classes:/home/jhones/Documents/Java/microsservice-new/product-service/target/classes:/home/jhones/.m2/repository/org/springframework/boot/spring-boot-starter-data-mongodb/2.7.5/spring-boot-starter-data-mongodb-2.7.5.jar:/home/jhones/.m2/repository/org/springframework/boot/spring-boot-starter/2.7.5/spring-boot-starter-2.7.5.jar:/home/jhones/.m2/repository/org/springframework/boot/spring-boot/2.7.5/spring-boot-2.7.5.jar:/home/jhones/.m2/repository/org/springframework/boot/spring-boot-autoconfigure/2.7.5/spring-boot-autoconfigure-2.7.5.jar:/home/jhones/.m2/repository/org/springframework/boot/spring-boot-starter-logging/2.7.5/spring-boot-starter-logging-2.7.5.jar:/home/jhones/.m2/repository/ch/qos/logback/logback-classic/1.2.11/logback-classic-1.2.11.jar:/home/jhones/.m2/repository/ch/qos/logback/logback-core/1.2.11/logback-core-1.2.11.jar:/home/jhones/.m2/repository/org/apache/logging/log4j/log4j-to-slf4j/2.17.2/log4j-to-slf4j-2.17.2.jar:/home/jhones/.m2/repository/org/apache/logging/log4j/log4j-api/2.17.2/log4j-api-2.17.2.jar:/home/jhones/.m2/repository/org/slf4j/jul-to-slf4j/1.7.36/jul-to-slf4j-1.7.36.jar:/home/jhones/.m2/repository/jakarta/annotation/jakarta.annotation-api/1.3.5/jakarta.annotation-api-1.3.5.jar:/home/jhones/.m2/repository/org/yaml/snakeyaml/1.30/snakeyaml-1.30.jar:/home/jhones/.m2/repository/org/mongodb/mongodb-driver-sync/4.6.1/mongodb-driver-sync-4.6.1.jar:/home/jhones/.m2/repository/org/mongodb/bson/4.6.1/bson-4.6.1.jar:/home/jhones/.m2/repository/org/mongodb/mongodb-driver-core/4.6.1/mongodb-driver-core-4.6.1.jar:/home/jhones/.m2/repository/org/mongodb/bson-record-codec/4.6.1/bson-record-codec-4.6.1.jar:/home/jhones/.m2/repository/org/springframework/data/spring-data-mongodb/3.4.5/spring-data-mongodb-3.4.5.jar:/home/jhones/.m2/repository/org/springframework/spring-tx/5.3.23/spring-tx-5.3.23.jar:/home/jhones/.m2/repository/org/springframework/spring-context/5.3.23/spring-context-5.3.23.jar:/home/jhones/.m2/repository/org/springframework/spring-beans/5.3.23/spring-beans-5.3.23.jar:/home/jhones/.m2/repository/org/springframework/spring-expression/5.3.23/spring-expression-5.3.23.jar:/home/jhones/.m2/repository/org/springframework/data/spring-data-commons/2.7.5/spring-data-commons-2.7.5.jar:/home/jhones/.m2/repository/org/slf4j/slf4j-api/1.7.36/slf4j-api-1.7.36.jar:/home/jhones/.m2/repository/org/springframework/boot/spring-boot-starter-web/2.7.5/spring-boot-starter-web-2.7.5.jar:/home/jhones/.m2/repository/org/springframework/boot/spring-boot-starter-json/2.7.5/spring-boot-starter-json-2.7.5.jar:/home/jhones/.m2/repository/com/fasterxml/jackson/core/jackson-databind/2.13.4.2/jackson-databind-2.13.4.2.jar:/home/jhones/.m2/repository/com/fasterxml/jackson/core/jackson-annotations/2.13.4/jackson-annotations-2.13.4.jar:/home/jhones/.m2/repository/com/fasterxml/jackson/core/jackson-core/2.13.4/jackson-core-2.13.4.jar:/home/jhones/.m2/repository/com/fasterxml/jackson/datatype/jackson-datatype-jdk8/2.13.4/jackson-datatype-jdk8-2.13.4.jar:/home/jhones/.m2/repository/com/fasterxml/jackson/datatype/jackson-datatype-jsr310/2.13.4/jackson-datatype-jsr310-2.13.4.jar:/home/jhones/.m2/repository/com/fasterxml/jackson/module/jackson-module-parameter-names/2.13.4/jackson-module-parameter-names-2.13.4.jar:/home/jhones/.m2/repository/org/springframework/boot/spring-boot-starter-tomcat/2.7.5/spring-boot-starter-tomcat-2.7.5.jar:/home/jhones/.m2/repository/org/apache/tomcat/embed/tomcat-embed-core/9.0.68/tomcat-embed-core-9.0.68.jar:/home/jhones/.m2/repository/org/apache/tomcat/embed/tomcat-embed-el/9.0.68/tomcat-embed-el-9.0.68.jar:/home/jhones/.m2/repository/org/apache/tomcat/embed/tomcat-embed-websocket/9.0.68/tomcat-embed-websocket-9.0.68.jar:/home/jhones/.m2/repository/org/springframework/spring-web/5.3.23/spring-web-5.3.23.jar:/home/jhones/.m2/repository/org/springframework/spring-webmvc/5.3.23/spring-webmvc-5.3.23.jar:/home/jhones/.m2/repository/org/springframework/spring-aop/5.3.23/spring-aop-5.3.23.jar:/home/jhones/.m2/repository/org/projectlombok/lombok/1.18.24/lombok-1.18.24.jar:/home/jhones/.m2/repository/org/springframework/boot/spring-boot-starter-test/2.7.5/spring-boot-starter-test-2.7.5.jar:/home/jhones/.m2/repository/org/springframework/boot/spring-boot-test/2.7.5/spring-boot-test-2.7.5.jar:/home/jhones/.m2/repository/org/springframework/boot/spring-boot-test-autoconfigure/2.7.5/spring-boot-test-autoconfigure-2.7.5.jar:/home/jhones/.m2/repository/com/jayway/jsonpath/json-path/2.7.0/json-path-2.7.0.jar:/home/jhones/.m2/repository/net/minidev/json-smart/2.4.8/json-smart-2.4.8.jar:/home/jhones/.m2/repository/net/minidev/accessors-smart/2.4.8/accessors-smart-2.4.8.jar:/home/jhones/.m2/repository/org/ow2/asm/asm/9.1/asm-9.1.jar:/home/jhones/.m2/repository/jakarta/xml/bind/jakarta.xml.bind-api/2.3.3/jakarta.xml.bind-api-2.3.3.jar:/home/jhones/.m2/repository/jakarta/activation/jakarta.activation-api/1.2.2/jakarta.activation-api-1.2.2.jar:/home/jhones/.m2/repository/org/assertj/assertj-core/3.22.0/assertj-core-3.22.0.jar:/home/jhones/.m2/repository/org/hamcrest/hamcrest/2.2/hamcrest-2.2.jar:/home/jhones/.m2/repository/org/junit/jupiter/junit-jupiter/5.8.2/junit-jupiter-5.8.2.jar:/home/jhones/.m2/repository/org/junit/jupiter/junit-jupiter-params/5.8.2/junit-jupiter-params-5.8.2.jar:/home/jhones/.m2/repository/org/junit/jupiter/junit-jupiter-engine/5.8.2/junit-jupiter-engine-5.8.2.jar:/home/jhones/.m2/repository/org/junit/platform/junit-platform-engine/1.8.2/junit-platform-engine-1.8.2.jar:/home/jhones/.m2/repository/org/mockito/mockito-core/4.5.1/mockito-core-4.5.1.jar:/home/jhones/.m2/repository/net/bytebuddy/byte-buddy/1.12.18/byte-buddy-1.12.18.jar:/home/jhones/.m2/repository/net/bytebuddy/byte-buddy-agent/1.12.18/byte-buddy-agent-1.12.18.jar:/home/jhones/.m2/repository/org/objenesis/objenesis/3.2/objenesis-3.2.jar:/home/jhones/.m2/repository/org/mockito/mockito-junit-jupiter/4.5.1/mockito-junit-jupiter-4.5.1.jar:/home/jhones/.m2/repository/org/skyscreamer/jsonassert/1.5.1/jsonassert-1.5.1.jar:/home/jhones/.m2/repository/com/vaadin/external/google/android-json/0.0.20131108.vaadin1/android-json-0.0.20131108.vaadin1.jar:/home/jhones/.m2/repository/org/springframework/spring-core/5.3.23/spring-core-5.3.23.jar:/home/jhones/.m2/repository/org/springframework/spring-jcl/5.3.23/spring-jcl-5.3.23.jar:/home/jhones/.m2/repository/org/springframework/spring-test/5.3.23/spring-test-5.3.23.jar:/home/jhones/.m2/repository/org/xmlunit/xmlunit-core/2.9.0/xmlunit-core-2.9.0.jar:/home/jhones/.m2/repository/org/testcontainers/mongodb/1.16.1/mongodb-1.16.1.jar:/home/jhones/.m2/repository/org/testcontainers/testcontainers/1.16.1/testcontainers-1.16.1.jar:/home/jhones/.m2/repository/junit/junit/4.13.2/junit-4.13.2.jar:/home/jhones/.m2/repository/org/hamcrest/hamcrest-core/2.2/hamcrest-core-2.2.jar:/home/jhones/.m2/repository/org/apache/commons/commons-compress/1.21/commons-compress-1.21.jar:/home/jhones/.m2/repository/org/rnorth/duct-tape/duct-tape/1.0.8/duct-tape-1.0.8.jar:/home/jhones/.m2/repository/org/jetbrains/annotations/17.0.0/annotations-17.0.0.jar:/home/jhones/.m2/repository/com/github/docker-java/docker-java-api/3.2.12/docker-java-api-3.2.12.jar:/home/jhones/.m2/repository/com/github/docker-java/docker-java-transport-zerodep/3.2.12/docker-java-transport-zerodep-3.2.12.jar:/home/jhones/.m2/repository/com/github/docker-java/docker-java-transport/3.2.12/docker-java-transport-3.2.12.jar:/home/jhones/.m2/repository/net/java/dev/jna/jna/5.8.0/jna-5.8.0.jar:/home/jhones/.m2/repository/org/testcontainers/junit-jupiter/1.16.1/junit-jupiter-1.16.1.jar:/home/jhones/.m2/repository/org/junit/jupiter/junit-jupiter-api/5.8.2/junit-jupiter-api-5.8.2.jar:/home/jhones/.m2/repository/org/opentest4j/opentest4j/1.2.0/opentest4j-1.2.0.jar:/home/jhones/.m2/repository/org/junit/platform/junit-platform-commons/1.8.2/junit-platform-commons-1.8.2.jar:/home/jhones/.m2/repository/org/apiguardian/apiguardian-api/1.1.2/apiguardian-api-1.1.2.jar:"/>
    <property name="sun.cpu.endian" value="little"/>
    <property name="user.home" value="/home/jhones"/>
    <property name="user.language" value="en"/>
    <property name="java.specification.vendor" value="Oracle Corporation"/>
    <property name="java.version.date" value="2022-10-18"/>
    <property name="java.home" value="/usr/lib/jvm/jdk-17"/>
    <property name="file.separator" value="/"/>
    <property name="basedir" value="/home/jhones/Documents/Java/microsservice-new/product-service"/>
    <property name="java.vm.compressedOopsMode" value="32-bit"/>
    <property name="line.separator" value="&#10;"/>
    <property name="java.specification.name" value="Java Platform API Specification"/>
    <property name="java.vm.specification.vendor" value="Oracle Corporation"/>
    <property name="surefire.real.class.path" value="/home/jhones/Documents/Java/microsservice-new/product-service/target/surefire/surefirebooter3797357630057085779.jar"/>
    <property name="sun.management.compiler" value="HotSpot 64-Bit Tiered Compilers"/>
    <property name="java.runtime.version" value="17.0.5+9-LTS-191"/>
    <property name="user.name" value="jhones"/>
    <property name="path.separator" value=":"/>
    <property name="os.version" value="5.15.0-50-generic"/>
    <property name="java.runtime.name" value="Java(TM) SE Runtime Environment"/>
    <property name="file.encoding" value="UTF-8"/>
    <property name="java.vm.name" value="Java HotSpot(TM) 64-Bit Server VM"/>
    <property name="localRepository" value="/home/jhones/.m2/repository"/>
    <property name="java.vendor.url.bug" value="https://bugreport.java.com/bugreport/"/>
    <property name="java.io.tmpdir" value="/tmp"/>
    <property name="idea.version" value="2022.2.3"/>
    <property name="java.version" value="17.0.5"/>
    <property name="user.dir" value="/home/jhones/Documents/Java/microsservice-new/product-service"/>
    <property name="os.arch" value="amd64"/>
    <property name="java.vm.specification.name" value="Java Virtual Machine Specification"/>
    <property name="user.language.format" value="pt"/>
    <property name="native.encoding" value="UTF-8"/>
    <property name="java.library.path" value="/usr/java/packages/lib:/usr/lib64:/lib64:/lib:/usr/lib"/>
    <property name="java.vm.info" value="mixed mode, sharing"/>
    <property name="java.vendor" value="Oracle Corporation"/>
    <property name="java.vm.version" value="17.0.5+9-LTS-191"/>
    <property name="sun.io.unicode.encoding" value="UnicodeLittle"/>
    <property name="java.class.version" value="61.0"/>
  </properties>
  <testcase name="shouldFindAllProducts" classname="com.jhsoftware.productservice.ProductServiceApplicationTests" time="0.783"/>
  <testcase name="shouldCreateProduct" classname="com.jhsoftware.productservice.ProductServiceApplicationTests" time="0.154"/>
</testsuite>